       200Jennifer            Whalen    jennifer.w515.123.441987-09-17         3      4400       101         1
       201Michael             Hartstein michael.ha515.123.551996-02-17        10     13000       100         2
       202Pat                 Fay       pat.fay@sq603.123.661997-08-17        11      6000       201         2
       114Den                 Raphaely  den.raphae515.127.451994-12-07        14     11000       100         3
       119Karen               Colmenareskaren.colm515.127.451999-08-10        13      2500       114         3
       118Guy                 Himuro    guy.himuro515.127.451998-11-15        13      2600       114         3
       117Sigal               Tobias    sigal.tobi515.127.451997-07-24        13      2800       114         3
       116Shelli              Baida     shelli.bai515.127.451997-12-24        13      2900       114         3
       115Alexander           Khoo      alexander.515.127.451995-05-18        13      3100       114         3
       203Susan               Mavris    susan.mavr515.123.771994-06-07         8      6500       101         4
       123Shanta              Vollman   shanta.vol650.123.421997-10-10        19      6500       100         5
       122Payam               Kaufling  payam.kauf650.123.321995-05-01        19      7900       100         5
       121Adam                Fripp     adam.fripp650.123.221997-04-10        19      8200       100         5
       120Matthew             Weiss     matthew.we650.123.121996-07-18        19      8000       100         5
       126Irene               Mikkilinenirene.mikk650.124.121998-09-28        18      2700       120         5
       193Britney             Everett   britney.ev650.501.281997-03-03        17      3900       123         5
       192Sarah               Bell      sarah.bell650.501.181996-02-04        17      4000       123         5
       103Alexander           Hunold    alexander.590.423.451990-01-03         9      9000       102         6
       107Diana               Lorentz   diana.lore590.423.551999-02-07         9      4200       103         6
       106Valli               Pataballa valli.pata590.423.451998-02-05         9      4800       103         6
       105David               Austin    david.aust590.423.451997-06-25         9      4800       103         6
       104Bruce               Ernst     bruce.erns590.423.451991-05-21         9      6000       103         6
       204Hermann             Baer      hermann.ba515.123.881994-06-07        12     10000       101         7
       179Charles             Johnson   charles.jo*         2000-01-04        16      6200       100         8
       178Kimberely           Grant     kimberely.*         1999-05-24        16      7000       100         8
       177Jack                Livingstonjack.livin*         1998-04-23        16      8400       100         8
       176Jonathon            Taylor    jonathon.t*         1998-03-24        16      8600       100         8
       146Karen               Partners  karen.part*         1997-01-05        15     13500       100         8
       145John                Russell   john.russe*         1996-10-01        15     14000       100         8
       100Steven              King      steven.kin515.123.451987-06-17         4     24000*                  9
       102Lex                 De Haan   lex.de haa515.123.451993-01-13         5     17000       100         9
       101Neena               Kochhar   neena.koch515.123.451989-09-21         5     17000       100         9
       108Nancy               Greenberg nancy.gree515.124.451994-08-17         7     12000       101        10
       113Luis                Popp      luis.popp@515.124.451999-12-07         6      6900       108        10
       112Jose Manuel         Urman     jose manue515.124.441998-03-07         6      7800       108        10
       111Ismael              Sciarra   ismael.sci515.124.431997-09-30         6      7700       108        10
       110John                Chen      john.chen@515.124.421997-09-28         6      8200       108        10
       109Daniel              Faviet    daniel.fav515.124.411994-08-16         6      9000       108        10
       205Shelley             Higgins   shelley.hi515.123.801994-06-07         2     12000       101        11
       206William             Gietz     william.gi515.123.811994-06-07         1      8300       205        11
