"100","Stev","King","Ex","2004 Charade ",98199,"Se","Wa","Uni","Americas"
"101","Neen","Kochh","Ex","2004 Charade ",98199,"Se","Wa","Uni","Americas"
"102","Lex","De Ha","Ex","2004 Charade ",98199,"Se","Wa","Uni","Americas"
"103","Alex","Hunol","IT","2014 Jabberwo",26192,"So","Te","Uni","Americas"
"104","Bruc","Ernst","IT","2014 Jabberwo",26192,"So","Te","Uni","Americas"
"105","Davi","Austi","IT","2014 Jabberwo",26192,"So","Te","Uni","Americas"
"106","Vall","Patab","IT","2014 Jabberwo",26192,"So","Te","Uni","Americas"
"107","Dian","Loren","IT","2014 Jabberwo",26192,"So","Te","Uni","Americas"
"108","Nanc","Green","Fi","2004 Charade ",98199,"Se","Wa","Uni","Americas"
"109","Dani","Favie","Fi","2004 Charade ",98199,"Se","Wa","Uni","Americas"
"110","John","Chen","Fi","2004 Charade ",98199,"Se","Wa","Uni","Americas"
"111","Isma","Sciar","Fi","2004 Charade ",98199,"Se","Wa","Uni","Americas"
"112","Jose","Urman","Fi","2004 Charade ",98199,"Se","Wa","Uni","Americas"
"113","Luis","Popp","Fi","2004 Charade ",98199,"Se","Wa","Uni","Americas"
"114","Den","Rapha","Pu","2004 Charade ",98199,"Se","Wa","Uni","Americas"
"115","Alex","Khoo","Pu","2004 Charade ",98199,"Se","Wa","Uni","Americas"
"116","Shel","Baida","Pu","2004 Charade ",98199,"Se","Wa","Uni","Americas"
"117","Siga","Tobia","Pu","2004 Charade ",98199,"Se","Wa","Uni","Americas"
"118","Guy","Himur","Pu","2004 Charade ",98199,"Se","Wa","Uni","Americas"
"119","Kare","Colme","Pu","2004 Charade ",98199,"Se","Wa","Uni","Americas"
"120","Matt","Weiss","Sh","2011 Interior",99236,"So","Ca","Uni","Americas"
"121","Adam","Fripp","Sh","2011 Interior",99236,"So","Ca","Uni","Americas"
"122","Paya","Kaufl","Sh","2011 Interior",99236,"So","Ca","Uni","Americas"
"123","Shan","Vollm","Sh","2011 Interior",99236,"So","Ca","Uni","Americas"
"126","Iren","Mikki","Sh","2011 Interior",99236,"So","Ca","Uni","Americas"
"145","John","Russe","Sa","Magdalen Cent",0,"Ox","Ox","Uni","Europe"
"146","Kare","Partn","Sa","Magdalen Cent",0,"Ox","Ox","Uni","Europe"
"176","Jona","Taylo","Sa","Magdalen Cent",0,"Ox","Ox","Uni","Europe"
"177","Jack","Livin","Sa","Magdalen Cent",0,"Ox","Ox","Uni","Europe"
"178","Kimb","Grant","Sa","Magdalen Cent",0,"Ox","Ox","Uni","Europe"
"179","Char","Johns","Sa","Magdalen Cent",0,"Ox","Ox","Uni","Europe"
"192","Sara","Bell","Sh","2011 Interior",99236,"So","Ca","Uni","Americas"
"193","Brit","Evere","Sh","2011 Interior",99236,"So","Ca","Uni","Americas"
"200","Jenn","Whale","Ad","2004 Charade ",98199,"Se","Wa","Uni","Americas"
"201","Mich","Harts","Ma","147 Spadina A",0,"To","On","Can","Americas"
"202","Pat","Fay","Ma","147 Spadina A",0,"To","On","Can","Americas"
"203","Susa","Mavri","Hu","8204 Arthur S",,"Lo",,"Uni","Europe"
"204","Herm","Baer","Pu","Schwanthalers",80925,"Mu","Ba","Ger","Europe"
"205","Shel","Higgi","Ac","2004 Charade ",98199,"Se","Wa","Uni","Americas"
"206","Will","Gietz","Ac","2004 Charade ",98199,"Se","Wa","Uni","Americas"
