Steven,King,1
Neena,Kochhar,1
Lex,De Haan,1
Alexander,Hunold,1
Bruce,Ernst,1
David,Austin,1
Valli,Pataballa,1
Diana,Lorentz,1
Nancy,Greenberg,1
Daniel,Faviet,1
John,Chen,1
Ismael,Sciarra,1
Jose Manue,Urman,1
Luis,Popp,1
Den,Raphaely,1
Alexander,Khoo,1
Shelli,Baida,1
Sigal,Tobias,1
Guy,Himuro,1
Karen,Colmenares,1
John,Russell,1
Karen,Partners,1
Jonathon,Taylor,1
Jennifer,Whalen,1
Michael,Hartstein,1
Pat,Fay,1
Susan,Mavris,1
Hermann,Baer,1
Shelley,Higgins,1
William,Gietz,1
Britney,Everett,0
